
> dm-to-kasi-backend@1.0.0 start
> node src/server.js

Downloading MongoDB "7.0.24": 0% (0mb / 599.7mb)[0G
Downloading MongoDB "7.0.24": 1.1% (6.7mb / 599.7mb)[0G
Downloading MongoDB "7.0.24": 2.4% (14.1mb / 599.7mb)[0G
Downloading MongoDB "7.0.24": 3.6% (21.5mb / 599.7mb)[0G
Downloading MongoDB "7.0.24": 4.8% (28.9mb / 599.7mb)[0G
Downloading MongoDB "7.0.24": 6.1% (36.3mb / 599.7mb)[0G
Downloading MongoDB "7.0.24": 7.2% (43.2mb / 599.7mb)[0G
Downloading MongoDB "7.0.24": 8.1% (48.8mb / 599.7mb)[0G
Downloading MongoDB "7.0.24": 8.4% (50.3mb / 599.7mb)[0G
Downloading MongoDB "7.0.24": 8.7% (52mb / 599.7mb)[0G
Downloading MongoDB "7.0.24": 9.5% (56.7mb / 599.7mb)[0G
Downloading MongoDB "7.0.24": 10.7% (64.3mb / 599.7mb)[0G
Downloading MongoDB "7.0.24": 12% (71.7mb / 599.7mb)[0G
Downloading MongoDB "7.0.24": 13.2% (79.1mb / 599.7mb)[0G
Downloading MongoDB "7.0.24": 14.4% (86.5mb / 599.7mb)[0G
Downloading MongoDB "7.0.24": 15.6% (93.5mb / 599.7mb)[0G
Downloading MongoDB "7.0.24": 16% (96.1mb / 599.7mb)[0G
Downloading MongoDB "7.0.24": 16.8% (101mb / 599.7mb)[0G
Downloading MongoDB "7.0.24": 17.7% (106.2mb / 599.7mb)[0G
Downloading MongoDB "7.0.24": 18.8% (112.5mb / 599.7mb)[0G
Downloading MongoDB "7.0.24": 20% (119.9mb / 599.7mb)[0G
Downloading MongoDB "7.0.24": 21.1% (126.8mb / 599.7mb)[0G
Downloading MongoDB "7.0.24": 22.4% (134.2mb / 599.7mb)[0G
Downloading MongoDB "7.0.24": 23.6% (141.6mb / 599.7mb)[0G
Downloading MongoDB "7.0.24": 24.8% (149mb / 599.7mb)[0G
Downloading MongoDB "7.0.24": 26.1% (156.4mb / 599.7mb)[0G
Downloading MongoDB "7.0.24": 27.2% (162.8mb / 599.7mb)[0G
Downloading MongoDB "7.0.24": 28.4% (170.2mb / 599.7mb)[0G
Downloading MongoDB "7.0.24": 29.6% (177.6mb / 599.7mb)[0G
Downloading MongoDB "7.0.24": 30.4% (182.5mb / 599.7mb)[0G
Downloading MongoDB "7.0.24": 31.2% (187.2mb / 599.7mb)[0G
Downloading MongoDB "7.0.24": 31.6% (189.8mb / 599.7mb)[0G
Downloading MongoDB "7.0.24": 32.6% (195.7mb / 599.7mb)[0G
Downloading MongoDB "7.0.24": 33.8% (202.9mb / 599.7mb)[0G
Downloading MongoDB "7.0.24": 35% (210.1mb / 599.7mb)[0G
Downloading MongoDB "7.0.24": 36.3% (217.5mb / 599.7mb)[0G
Downloading MongoDB "7.0.24": 37.4% (224mb / 599.7mb)[0G
Downloading MongoDB "7.0.24": 38.7% (231.8mb / 599.7mb)[0G
Downloading MongoDB "7.0.24": 39.9% (239.2mb / 599.7mb)[0G
Downloading MongoDB "7.0.24": 41.1% (246.6mb / 599.7mb)[0G
Downloading MongoDB "7.0.24": 42.4% (254mb / 599.7mb)[0G
Downloading MongoDB "7.0.24": 43.6% (261.4mb / 599.7mb)[0G
Downloading MongoDB "7.0.24": 44.6% (267.3mb / 599.7mb)[0G
Downloading MongoDB "7.0.24": 45.9% (275mb / 599.7mb)[0G
Downloading MongoDB "7.0.24": 47.1% (282.4mb / 599.7mb)[0G
Downloading MongoDB "7.0.24": 48.3% (289.8mb / 599.7mb)[0G
Downloading MongoDB "7.0.24": 49.5% (297.1mb / 599.7mb)[0G
Downloading MongoDB "7.0.24": 50.8% (304.4mb / 599.7mb)[0G
Downloading MongoDB "7.0.24": 52% (311.7mb / 599.7mb)[0G
Downloading MongoDB "7.0.24": 53.1% (318.4mb / 599.7mb)[0G
Downloading MongoDB "7.0.24": 54.2% (325.2mb / 599.7mb)[0G
Downloading MongoDB "7.0.24": 55.5% (333.1mb / 599.7mb)[0G
Downloading MongoDB "7.0.24": 56.9% (341mb / 599.7mb)[0G
Downloading MongoDB "7.0.24": 57.9% (347.5mb / 599.7mb)[0G
Downloading MongoDB "7.0.24": 59% (354.1mb / 599.7mb)[0G
Downloading MongoDB "7.0.24": 60.3% (361.4mb / 599.7mb)[0G
Downloading MongoDB "7.0.24": 61.3% (367.7mb / 599.7mb)[0G
Downloading MongoDB "7.0.24": 62.4% (374.1mb / 599.7mb)[0G
Downloading MongoDB "7.0.24": 63.9% (382.9mb / 599.7mb)[0G
Downloading MongoDB "7.0.24": 65.1% (390.3mb / 599.7mb)[0G
Downloading MongoDB "7.0.24": 66.2% (397.1mb / 599.7mb)[0G
Downloading MongoDB "7.0.24": 67.3% (403.3mb / 599.7mb)[0G
Downloading MongoDB "7.0.24": 67.5% (405mb / 599.7mb)[0G
Downloading MongoDB "7.0.24": 68.2% (409mb / 599.7mb)[0G
Downloading MongoDB "7.0.24": 68.6% (411.2mb / 599.7mb)[0G
Downloading MongoDB "7.0.24": 69.7% (417.8mb / 599.7mb)[0G
Downloading MongoDB "7.0.24": 70.9% (425.2mb / 599.7mb)[0G
Downloading MongoDB "7.0.24": 72% (431.6mb / 599.7mb)[0G
Downloading MongoDB "7.0.24": 72.8% (436.7mb / 599.7mb)[0G
Downloading MongoDB "7.0.24": 73.8% (442.7mb / 599.7mb)[0G
Downloading MongoDB "7.0.24": 75.1% (450.1mb / 599.7mb)[0G
Downloading MongoDB "7.0.24": 76% (455.6mb / 599.7mb)[0G
Downloading MongoDB "7.0.24": 77.2% (463mb / 599.7mb)[0G
Downloading MongoDB "7.0.24": 78.3% (469.5mb / 599.7mb)[0G
Downloading MongoDB "7.0.24": 79.2% (474.8mb / 599.7mb)[0G
Downloading MongoDB "7.0.24": 80.4% (482.2mb / 599.7mb)[0G
Downloading MongoDB "7.0.24": 81.3% (487.4mb / 599.7mb)[0G
Downloading MongoDB "7.0.24": 82.7% (495.9mb / 599.7mb)[0G
Downloading MongoDB "7.0.24": 83.4% (499.9mb / 599.7mb)[0G
Downloading MongoDB "7.0.24": 84.4% (506mb / 599.7mb)[0G
Downloading MongoDB "7.0.24": 85.4% (512.4mb / 599.7mb)[0G
Downloading MongoDB "7.0.24": 86.1% (516.2mb / 599.7mb)[0G
Downloading MongoDB "7.0.24": 87.2% (523mb / 599.7mb)[0G
Downloading MongoDB "7.0.24": 88.2% (529.2mb / 599.7mb)[0G
Downloading MongoDB "7.0.24": 89.1% (534.6mb / 599.7mb)[0G
Downloading MongoDB "7.0.24": 90.2% (540.7mb / 599.7mb)[0G
Downloading MongoDB "7.0.24": 91.4% (548mb / 599.7mb)[0G
Downloading MongoDB "7.0.24": 92.2% (553.1mb / 599.7mb)[0G
Downloading MongoDB "7.0.24": 93.6% (561.4mb / 599.7mb)[0G
Downloading MongoDB "7.0.24": 94.2% (564.9mb / 599.7mb)[0G
Downloading MongoDB "7.0.24": 95% (569.4mb / 599.7mb)[0G
Downloading MongoDB "7.0.24": 95.9% (574.9mb / 599.7mb)[0G
Downloading MongoDB "7.0.24": 96.6% (579.4mb / 599.7mb)[0G
Downloading MongoDB "7.0.24": 97.9% (587.4mb / 599.7mb)[0G
Downloading MongoDB "7.0.24": 99.1% (594.1mb / 599.7mb)[0G
Downloading MongoDB "7.0.24": 100% (599.7mb / 599.7mb)[0G
Downloading MongoDB "7.0.24": 100% (0mb / 0mb)[0G
MongoDB connected (in-memory)
Server listening on port 5000
